TN:
SF:components\Navbar.tsx
FN:5,(anonymous_1)
FN:11,(anonymous_2)
FNF:2
FNH:1
FNDA:4,(anonymous_1)
FNDA:0,(anonymous_2)
DA:1,1
DA:2,1
DA:3,1
DA:5,1
DA:6,4
DA:8,4
DA:9,4
DA:11,4
DA:15,4
DA:55,1
LF:10
LH:10
BRDA:38,0,0,4
BRDA:38,0,1,0
BRDA:39,1,0,0
BRDA:39,1,1,4
BRF:4
BRH:2
end_of_record
TN:
SF:components\ui\Button.tsx
FN:10,(anonymous_0)
FNF:1
FNH:1
FNDA:8,(anonymous_0)
DA:10,1
DA:18,8
DA:25,8
DA:27,8
DA:28,4
DA:35,4
DA:47,1
LF:7
LH:7
BRDA:13,0,0,0
BRDA:14,1,0,8
BRDA:15,2,0,8
BRDA:16,3,0,8
BRDA:25,4,0,8
BRDA:25,4,1,0
BRDA:27,5,0,4
BRDA:27,5,1,4
BRDA:27,6,0,8
BRDA:27,6,1,4
BRF:10
BRH:8
end_of_record
